<?xml version="1.0" encoding="UTF-8"?>
<testsuites name="TS_Login_Sauce" time="132.93" tests="7" failures="0" errors="0">
   <testsuite name="TS_Login_Sauce" tests="7" failures="0" errors="0" time="132.93" skipped="0" timestamp="27-03-2024T22:41:56" hostname="Admin - LAPTOP-TRANDUYQUAN" id="Test Suites/TS_Login_Sauce">
      <properties>
         <property name="deviceName" value=""/>
         <property name="devicePlatform" value=""/>
         <property name="logFolder" value="C:\\Users\\Admin\\Desktop\\KTPMNC\\LAB04_KTNC\\Reports\\20240327_224152\\TS_Login_Sauce\\20240327_224152"/>
         <property name="logFiles" value="C:\\Users\\Admin\\Desktop\\KTPMNC\\LAB04_KTNC\\Reports\\20240327_224152\\TS_Login_Sauce\\20240327_224152\\execution0.log"/>
         <property name="attachments" value=""/>
         <property name="hostName" value="Admin - LAPTOP-TRANDUYQUAN"/>
         <property name="os" value="Windows 11 64bit"/>
         <property name="katalonVersion" value="9.3.1.212"/>
         <property name="browser" value="Chrome 123.0.0.0"/>
         <property name="hostAddress" value="192.168.100.14"/>
         <property name="sessionId" value="b2177b059fb8a279fb7c8bc225ee27c5"/>
         <property name="seleniumVersion" value="3.141.59"/>
         <property name="proxyInformation" value="ProxyInformation { proxyOption=NO_PROXY, proxyServerType=HTTP, username=, password=********, proxyServerAddress=, proxyServerPort=0, executionList=&quot;&quot;, isApplyToDesiredCapabilities=true }"/>
         <property name="platform" value="Windows 11"/>
      </properties>
      <testcase name="Test Cases/Login_Sauce_01" time="6.782" classname="Test Cases/Login_Sauce_01" status="PASSED">
         <system-out><![CDATA[27-03-2024T22:41:56 - [TEST_CASE][PASSED] - Test Cases/Login_Sauce_01: Test Cases/Login_Sauce_01

27-03-2024T22:41:57 - [TEST_STEP][PASSED] - openBrowser(""): Browser is opened with url: ''

27-03-2024T22:41:57 - [MESSAGE][INFO] - Starting 'Chrome' driver

27-03-2024T22:41:57 - [MESSAGE][INFO] - Action delay is set to 0 milliseconds

27-03-2024T22:41:59 - [MESSAGE][PASSED] - Browser is opened with url: ''

27-03-2024T22:41:59 - [TEST_STEP][PASSED] - navigateToUrl("https://www.saucedemo.com"): Navigate to 'https://www.saucedemo.com' successfully

27-03-2024T22:42:00 - [MESSAGE][PASSED] - Navigate to 'https://www.saucedemo.com' successfully

27-03-2024T22:42:00 - [TEST_STEP][PASSED] - setText(findTestObject("Login_Page/input_Swag Labs_user-name"), Username): Text '' is set on object 'Object Repository/Login_Page/input_Swag Labs_user-name'

27-03-2024T22:42:01 - [MESSAGE][PASSED] - Text '' is set on object 'Object Repository/Login_Page/input_Swag Labs_user-name'

27-03-2024T22:42:01 - [TEST_STEP][PASSED] - setText(findTestObject("Login_Page/input_Swag Labs_password"), Password): Text 'secret_sauce' is set on object 'Object Repository/Login_Page/input_Swag Labs_password'

27-03-2024T22:42:02 - [MESSAGE][PASSED] - Text 'secret_sauce' is set on object 'Object Repository/Login_Page/input_Swag Labs_password'

27-03-2024T22:42:02 - [TEST_STEP][PASSED] - click(findTestObject("Login_Page/input_Epic sadface Username is required_login-button")): Object: 'Object Repository/Login_Page/input_Epic sadface Username is required_login-button' is clicked on

27-03-2024T22:42:02 - [MESSAGE][PASSED] - Object: 'Object Repository/Login_Page/input_Epic sadface Username is required_login-button' is clicked on

27-03-2024T22:42:02 - [TEST_STEP][PASSED] - verifyElementText(findTestObject("Login_Page/h3_Epic sadface Username is required"), VerifyText): Actual text and expected text of test object 'Object Repository/Login_Page/h3_Epic sadface Username is required' are matched.

27-03-2024T22:42:03 - [MESSAGE][PASSED] - Actual text and expected text of test object 'Object Repository/Login_Page/h3_Epic sadface Username is required' are matched.

27-03-2024T22:42:03 - [TEST_STEP][PASSED] - closeBrowser(): Browser is closed

27-03-2024T22:42:03 - [MESSAGE][PASSED] - Browser is closed]]></system-out>
         <system-err><![CDATA[]]></system-err>
      </testcase>
      <testcase name="Test Cases/Login_Sauce_01" time="4.947" classname="Test Cases/Login_Sauce_01" status="PASSED">
         <system-out><![CDATA[27-03-2024T22:42:03 - [TEST_CASE][PASSED] - Test Cases/Login_Sauce_01: Test Cases/Login_Sauce_01

27-03-2024T22:42:03 - [TEST_STEP][PASSED] - openBrowser(""): Browser is opened with url: ''

27-03-2024T22:42:03 - [MESSAGE][INFO] - Starting 'Chrome' driver

27-03-2024T22:42:03 - [MESSAGE][INFO] - Action delay is set to 0 milliseconds

27-03-2024T22:42:04 - [MESSAGE][PASSED] - Browser is opened with url: ''

27-03-2024T22:42:04 - [TEST_STEP][PASSED] - navigateToUrl("https://www.saucedemo.com"): Navigate to 'https://www.saucedemo.com' successfully

27-03-2024T22:42:04 - [MESSAGE][PASSED] - Navigate to 'https://www.saucedemo.com' successfully

27-03-2024T22:42:05 - [TEST_STEP][PASSED] - setText(findTestObject("Login_Page/input_Swag Labs_user-name"), Username): Text 'standard_user' is set on object 'Object Repository/Login_Page/input_Swag Labs_user-name'

27-03-2024T22:42:07 - [MESSAGE][PASSED] - Text 'standard_user' is set on object 'Object Repository/Login_Page/input_Swag Labs_user-name'

27-03-2024T22:42:07 - [TEST_STEP][PASSED] - setText(findTestObject("Login_Page/input_Swag Labs_password"), Password): Text '' is set on object 'Object Repository/Login_Page/input_Swag Labs_password'

27-03-2024T22:42:07 - [MESSAGE][PASSED] - Text '' is set on object 'Object Repository/Login_Page/input_Swag Labs_password'

27-03-2024T22:42:07 - [TEST_STEP][PASSED] - click(findTestObject("Login_Page/input_Epic sadface Username is required_login-button")): Object: 'Object Repository/Login_Page/input_Epic sadface Username is required_login-button' is clicked on

27-03-2024T22:42:07 - [MESSAGE][PASSED] - Object: 'Object Repository/Login_Page/input_Epic sadface Username is required_login-button' is clicked on

27-03-2024T22:42:07 - [TEST_STEP][PASSED] - verifyElementText(findTestObject("Login_Page/h3_Epic sadface Username is required"), VerifyText): Actual text and expected text of test object 'Object Repository/Login_Page/h3_Epic sadface Username is required' are matched.

27-03-2024T22:42:08 - [MESSAGE][PASSED] - Actual text and expected text of test object 'Object Repository/Login_Page/h3_Epic sadface Username is required' are matched.

27-03-2024T22:42:08 - [TEST_STEP][PASSED] - closeBrowser(): Browser is closed

27-03-2024T22:42:08 - [MESSAGE][PASSED] - Browser is closed]]></system-out>
         <system-err><![CDATA[]]></system-err>
      </testcase>
      <testcase name="Test Cases/Login_Sauce_01" time="5.203" classname="Test Cases/Login_Sauce_01" status="PASSED">
         <system-out><![CDATA[27-03-2024T22:42:08 - [TEST_CASE][PASSED] - Test Cases/Login_Sauce_01: Test Cases/Login_Sauce_01

27-03-2024T22:42:08 - [TEST_STEP][PASSED] - openBrowser(""): Browser is opened with url: ''

27-03-2024T22:42:08 - [MESSAGE][INFO] - Starting 'Chrome' driver

27-03-2024T22:42:08 - [MESSAGE][INFO] - Action delay is set to 0 milliseconds

27-03-2024T22:42:09 - [MESSAGE][PASSED] - Browser is opened with url: ''

27-03-2024T22:42:09 - [TEST_STEP][PASSED] - navigateToUrl("https://www.saucedemo.com"): Navigate to 'https://www.saucedemo.com' successfully

27-03-2024T22:42:10 - [MESSAGE][PASSED] - Navigate to 'https://www.saucedemo.com' successfully

27-03-2024T22:42:10 - [TEST_STEP][PASSED] - setText(findTestObject("Login_Page/input_Swag Labs_user-name"), Username): Text '' is set on object 'Object Repository/Login_Page/input_Swag Labs_user-name'

27-03-2024T22:42:12 - [MESSAGE][PASSED] - Text '' is set on object 'Object Repository/Login_Page/input_Swag Labs_user-name'

27-03-2024T22:42:12 - [TEST_STEP][PASSED] - setText(findTestObject("Login_Page/input_Swag Labs_password"), Password): Text '' is set on object 'Object Repository/Login_Page/input_Swag Labs_password'

27-03-2024T22:42:12 - [MESSAGE][PASSED] - Text '' is set on object 'Object Repository/Login_Page/input_Swag Labs_password'

27-03-2024T22:42:12 - [TEST_STEP][PASSED] - click(findTestObject("Login_Page/input_Epic sadface Username is required_login-button")): Object: 'Object Repository/Login_Page/input_Epic sadface Username is required_login-button' is clicked on

27-03-2024T22:42:13 - [MESSAGE][PASSED] - Object: 'Object Repository/Login_Page/input_Epic sadface Username is required_login-button' is clicked on

27-03-2024T22:42:13 - [TEST_STEP][PASSED] - verifyElementText(findTestObject("Login_Page/h3_Epic sadface Username is required"), VerifyText): Actual text and expected text of test object 'Object Repository/Login_Page/h3_Epic sadface Username is required' are matched.

27-03-2024T22:42:13 - [MESSAGE][PASSED] - Actual text and expected text of test object 'Object Repository/Login_Page/h3_Epic sadface Username is required' are matched.

27-03-2024T22:42:13 - [TEST_STEP][PASSED] - closeBrowser(): Browser is closed

27-03-2024T22:42:13 - [MESSAGE][PASSED] - Browser is closed]]></system-out>
         <system-err><![CDATA[]]></system-err>
      </testcase>
      <testcase name="Test Cases/Login_Sauce_01" time="34.674" classname="Test Cases/Login_Sauce_01" status="PASSED">
         <system-out><![CDATA[27-03-2024T22:42:13 - [TEST_CASE][PASSED] - Test Cases/Login_Sauce_01: Test Cases/Login_Sauce_01

27-03-2024T22:42:13 - [TEST_STEP][PASSED] - openBrowser(""): Browser is opened with url: ''

27-03-2024T22:42:13 - [MESSAGE][INFO] - Starting 'Chrome' driver

27-03-2024T22:42:13 - [MESSAGE][INFO] - Action delay is set to 0 milliseconds

27-03-2024T22:42:14 - [MESSAGE][PASSED] - Browser is opened with url: ''

27-03-2024T22:42:14 - [TEST_STEP][PASSED] - navigateToUrl("https://www.saucedemo.com"): Navigate to 'https://www.saucedemo.com' successfully

27-03-2024T22:42:15 - [MESSAGE][PASSED] - Navigate to 'https://www.saucedemo.com' successfully

27-03-2024T22:42:15 - [TEST_STEP][PASSED] - setText(findTestObject("Login_Page/input_Swag Labs_user-name"), Username): Text 'haha' is set on object 'Object Repository/Login_Page/input_Swag Labs_user-name'

27-03-2024T22:42:17 - [MESSAGE][PASSED] - Text 'haha' is set on object 'Object Repository/Login_Page/input_Swag Labs_user-name'

27-03-2024T22:42:17 - [TEST_STEP][PASSED] - setText(findTestObject("Login_Page/input_Swag Labs_password"), Password): Text 'secret_sauce' is set on object 'Object Repository/Login_Page/input_Swag Labs_password'

27-03-2024T22:42:18 - [MESSAGE][PASSED] - Text 'secret_sauce' is set on object 'Object Repository/Login_Page/input_Swag Labs_password'

27-03-2024T22:42:18 - [TEST_STEP][PASSED] - click(findTestObject("Login_Page/input_Epic sadface Username is required_login-button")): Object: 'Object Repository/Login_Page/input_Epic sadface Username is required_login-button' is clicked on

27-03-2024T22:42:18 - [MESSAGE][PASSED] - Object: 'Object Repository/Login_Page/input_Epic sadface Username is required_login-button' is clicked on

27-03-2024T22:42:18 - [TEST_STEP][PASSED] - verifyElementText(findTestObject("Login_Page/h3_Epic sadface Username is required"), VerifyText): Actual text and expected text of test object 'Object Repository/Login_Page/h3_Epic sadface Username is required' are matched.

27-03-2024T22:42:48 - [MESSAGE][PASSED] - Actual text and expected text of test object 'Object Repository/Login_Page/h3_Epic sadface Username is required' are matched.

27-03-2024T22:42:48 - [TEST_STEP][PASSED] - closeBrowser(): Browser is closed

27-03-2024T22:42:48 - [MESSAGE][PASSED] - Browser is closed]]></system-out>
         <system-err><![CDATA[]]></system-err>
      </testcase>
      <testcase name="Test Cases/Login_Sauce_01" time="34.682" classname="Test Cases/Login_Sauce_01" status="PASSED">
         <system-out><![CDATA[27-03-2024T22:42:48 - [TEST_CASE][PASSED] - Test Cases/Login_Sauce_01: Test Cases/Login_Sauce_01

27-03-2024T22:42:48 - [TEST_STEP][PASSED] - openBrowser(""): Browser is opened with url: ''

27-03-2024T22:42:48 - [MESSAGE][INFO] - Starting 'Chrome' driver

27-03-2024T22:42:48 - [MESSAGE][INFO] - Action delay is set to 0 milliseconds

27-03-2024T22:42:49 - [MESSAGE][PASSED] - Browser is opened with url: ''

27-03-2024T22:42:49 - [TEST_STEP][PASSED] - navigateToUrl("https://www.saucedemo.com"): Navigate to 'https://www.saucedemo.com' successfully

27-03-2024T22:42:50 - [MESSAGE][PASSED] - Navigate to 'https://www.saucedemo.com' successfully

27-03-2024T22:42:50 - [TEST_STEP][PASSED] - setText(findTestObject("Login_Page/input_Swag Labs_user-name"), Username): Text 'standard_user' is set on object 'Object Repository/Login_Page/input_Swag Labs_user-name'

27-03-2024T22:42:52 - [MESSAGE][PASSED] - Text 'standard_user' is set on object 'Object Repository/Login_Page/input_Swag Labs_user-name'

27-03-2024T22:42:52 - [TEST_STEP][PASSED] - setText(findTestObject("Login_Page/input_Swag Labs_password"), Password): Text 'haha' is set on object 'Object Repository/Login_Page/input_Swag Labs_password'

27-03-2024T22:42:52 - [MESSAGE][PASSED] - Text 'haha' is set on object 'Object Repository/Login_Page/input_Swag Labs_password'

27-03-2024T22:42:52 - [TEST_STEP][PASSED] - click(findTestObject("Login_Page/input_Epic sadface Username is required_login-button")): Object: 'Object Repository/Login_Page/input_Epic sadface Username is required_login-button' is clicked on

27-03-2024T22:42:53 - [MESSAGE][PASSED] - Object: 'Object Repository/Login_Page/input_Epic sadface Username is required_login-button' is clicked on

27-03-2024T22:42:53 - [TEST_STEP][PASSED] - verifyElementText(findTestObject("Login_Page/h3_Epic sadface Username is required"), VerifyText): Actual text and expected text of test object 'Object Repository/Login_Page/h3_Epic sadface Username is required' are matched.

27-03-2024T22:43:23 - [MESSAGE][PASSED] - Actual text and expected text of test object 'Object Repository/Login_Page/h3_Epic sadface Username is required' are matched.

27-03-2024T22:43:23 - [TEST_STEP][PASSED] - closeBrowser(): Browser is closed

27-03-2024T22:43:23 - [MESSAGE][PASSED] - Browser is closed]]></system-out>
         <system-err><![CDATA[]]></system-err>
      </testcase>
      <testcase name="Test Cases/Login_Sauce_01" time="34.556" classname="Test Cases/Login_Sauce_01" status="PASSED">
         <system-out><![CDATA[27-03-2024T22:43:23 - [TEST_CASE][PASSED] - Test Cases/Login_Sauce_01: Test Cases/Login_Sauce_01

27-03-2024T22:43:23 - [TEST_STEP][PASSED] - openBrowser(""): Browser is opened with url: ''

27-03-2024T22:43:23 - [MESSAGE][INFO] - Starting 'Chrome' driver

27-03-2024T22:43:23 - [MESSAGE][INFO] - Action delay is set to 0 milliseconds

27-03-2024T22:43:24 - [MESSAGE][PASSED] - Browser is opened with url: ''

27-03-2024T22:43:24 - [TEST_STEP][PASSED] - navigateToUrl("https://www.saucedemo.com"): Navigate to 'https://www.saucedemo.com' successfully

27-03-2024T22:43:24 - [MESSAGE][PASSED] - Navigate to 'https://www.saucedemo.com' successfully

27-03-2024T22:43:24 - [TEST_STEP][PASSED] - setText(findTestObject("Login_Page/input_Swag Labs_user-name"), Username): Text 'haha' is set on object 'Object Repository/Login_Page/input_Swag Labs_user-name'

27-03-2024T22:43:26 - [MESSAGE][PASSED] - Text 'haha' is set on object 'Object Repository/Login_Page/input_Swag Labs_user-name'

27-03-2024T22:43:26 - [TEST_STEP][PASSED] - setText(findTestObject("Login_Page/input_Swag Labs_password"), Password): Text 'haha' is set on object 'Object Repository/Login_Page/input_Swag Labs_password'

27-03-2024T22:43:27 - [MESSAGE][PASSED] - Text 'haha' is set on object 'Object Repository/Login_Page/input_Swag Labs_password'

27-03-2024T22:43:27 - [TEST_STEP][PASSED] - click(findTestObject("Login_Page/input_Epic sadface Username is required_login-button")): Object: 'Object Repository/Login_Page/input_Epic sadface Username is required_login-button' is clicked on

27-03-2024T22:43:27 - [MESSAGE][PASSED] - Object: 'Object Repository/Login_Page/input_Epic sadface Username is required_login-button' is clicked on

27-03-2024T22:43:27 - [TEST_STEP][PASSED] - verifyElementText(findTestObject("Login_Page/h3_Epic sadface Username is required"), VerifyText): Actual text and expected text of test object 'Object Repository/Login_Page/h3_Epic sadface Username is required' are matched.

27-03-2024T22:43:57 - [MESSAGE][PASSED] - Actual text and expected text of test object 'Object Repository/Login_Page/h3_Epic sadface Username is required' are matched.

27-03-2024T22:43:57 - [TEST_STEP][PASSED] - closeBrowser(): Browser is closed

27-03-2024T22:43:57 - [MESSAGE][PASSED] - Browser is closed]]></system-out>
         <system-err><![CDATA[]]></system-err>
      </testcase>
      <testcase name="Test Cases/Login_Sauce" time="11.609" classname="Test Cases/Login_Sauce" status="PASSED">
         <system-out><![CDATA[27-03-2024T22:43:57 - [TEST_CASE][PASSED] - Test Cases/Login_Sauce: Test Cases/Login_Sauce

27-03-2024T22:43:57 - [TEST_STEP][PASSED] - openBrowser(""): Browser is opened with url: ''

27-03-2024T22:43:57 - [MESSAGE][INFO] - Starting 'Chrome' driver

27-03-2024T22:43:57 - [MESSAGE][INFO] - Action delay is set to 0 milliseconds

27-03-2024T22:43:58 - [MESSAGE][PASSED] - Browser is opened with url: ''

27-03-2024T22:43:58 - [TEST_STEP][PASSED] - navigateToUrl("https://www.saucedemo.com"): Navigate to 'https://www.saucedemo.com' successfully

27-03-2024T22:43:59 - [MESSAGE][PASSED] - Navigate to 'https://www.saucedemo.com' successfully

27-03-2024T22:43:59 - [TEST_STEP][PASSED] - setText(findTestObject("Login_Page/input_Swag Labs_user-name"), "standard_user"): Text 'standard_user' is set on object 'Object Repository/Login_Page/input_Swag Labs_user-name'

27-03-2024T22:44:01 - [MESSAGE][PASSED] - Text 'standard_user' is set on object 'Object Repository/Login_Page/input_Swag Labs_user-name'

27-03-2024T22:44:01 - [TEST_STEP][PASSED] - setText(findTestObject("Login_Page/input_Swag Labs_password"), "secret_sauce"): Text 'secret_sauce' is set on object 'Object Repository/Login_Page/input_Swag Labs_password'

27-03-2024T22:44:05 - [MESSAGE][PASSED] - Text 'secret_sauce' is set on object 'Object Repository/Login_Page/input_Swag Labs_password'

27-03-2024T22:44:05 - [TEST_STEP][PASSED] - click(findTestObject("Login_Page/input_Epic sadface Username is required_login-button")): Object: 'Object Repository/Login_Page/input_Epic sadface Username is required_login-button' is clicked on

27-03-2024T22:44:07 - [MESSAGE][PASSED] - Object: 'Object Repository/Login_Page/input_Epic sadface Username is required_login-button' is clicked on

27-03-2024T22:44:07 - [TEST_STEP][PASSED] - verifyElementPresent(findTestObject("Login_Page/span_Products"), 10): Object 'Object Repository/Login_Page/span_Products' is present

27-03-2024T22:44:09 - [MESSAGE][PASSED] - Object 'Object Repository/Login_Page/span_Products' is present

27-03-2024T22:44:09 - [TEST_STEP][PASSED] - closeBrowser(): Browser is closed

27-03-2024T22:44:09 - [MESSAGE][PASSED] - Browser is closed]]></system-out>
         <system-err><![CDATA[]]></system-err>
      </testcase>
      <system-out><![CDATA[27-03-2024T22:41:56 - [TEST_SUITE][PASSED] - TS_Login_Sauce: Test Cases/Login_Sauce]]></system-out>
      <system-err><![CDATA[]]></system-err>
   </testsuite>
</testsuites>
